================================================================
  ZDM TARGET DATABASE DISCOVERY REPORT
================================================================
  Project    : ORADB Migration to Oracle Database@Azure
  Target Host: proddb-oda.eastus.azure.example.com
  Run Host   : tmodaauks-rqahk1
  Run User   : opc
  Oracle User: oracle
  Timestamp  : Fri Feb 27 17:07:20 UTC 2026
  ORACLE_HOME: /u02/app/oracle/product/19.0.0.0/dbhome_1
  ORACLE_SID : +ASM1
  GRID_HOME  : /u01/app/19.0.0.0/grid
================================================================


[0;36m[1m================================================================[0m
[0;36m[1m  OS INFORMATION[0m
[0;36m[1m================================================================[0m

--- Hostname & IPs ---
tmodaauks-rqahk1.ocioracle.ocitmvnetuks.oraclevcn.com
127.0.0.1/8
10.0.1.160/24
10.0.1.155/24
10.0.1.200/24
10.0.1.159/24
192.168.255.151/22
169.254.200.2/30
100.106.64.130/16
100.106.64.131/16
100.107.0.192/16
100.107.0.193/16

--- OS Version ---
Oracle Linux Server release 8.10

--- Kernel ---
5.15.0-308.179.6.16.el8uek.x86_64

--- CPU ---
model name	: AMD EPYC 9J25 96-Core Processor
CPU Count: 4

--- Memory ---
              total        used        free      shared  buff/cache   available
Mem:           29Gi        21Gi       688Mi       210Mi       6.4Gi       6.1Gi
Swap:          15Gi       255Mi        15Gi

--- Disk Space ---
Filesystem                                                                        Size  Used Avail Use% Mounted on
devtmpfs                                                                           15G     0   15G   0% /dev
tmpfs                                                                              30G  209M   29G   1% /dev/shm
tmpfs                                                                              15G   13M   15G   1% /run
tmpfs                                                                              15G     0   15G   0% /sys/fs/cgroup
/dev/mapper/VGExaDb-LVDbSys1                                                       15G  6.3G  8.7G  43% /
/dev/mapper/VGExaDbDisk.u01.20.img-LVDBDisk                                        20G  4.0G   16G  20% /u01
/dev/sda1                                                                         412M  128M  285M  31% /boot
/dev/mapper/VGExaDb-LVDbVar1                                                      5.0G  1.9G  3.1G  38% /var
/dev/mapper/VGExaDb-LVDbKdump                                                      20G  175M   20G   1% /crashfiles
/dev/mapper/VGExaDb-LVDbTmp                                                       3.0G   75M  2.9G   3% /tmp
/dev/mapper/VGExaDb-LVDbVarLog                                                     18G  580M   18G   4% /var/log
/dev/mapper/VGExaDbDisk.grid--klone--Linux--x86--64--19000251021.50.img-LVDBDisk   50G   13G   38G  26% /u01/app/19.0.0.0/grid
/dev/mapper/VGExaDb-LVDbVarLogAudit                                               3.0G  155M  2.8G   6% /var/log/audit
/dev/mapper/VGExaDb-LVDbHome                                                      4.0G   97M  3.9G   3% /home
/dev/mapper/VGExaDbDisk.u02_extra.img-LVDBDisk                                     57G   41G   14G  75% /u02
/dev/asm/acfsvol01-283                                                            100G   13G   88G  13% /acfs01
tmpfs                                                                             3.0G     0  3.0G   0% /run/user/1000
tmpfs                                                                             3.0G     0  3.0G   0% /run/user/2000

[0;36m[1m================================================================[0m
[0;36m[1m  ORACLE ENVIRONMENT[0m
[0;36m[1m================================================================[0m

ORACLE_HOME : /u02/app/oracle/product/19.0.0.0/dbhome_1
ORACLE_SID  : +ASM1
ORACLE_BASE : NOT SET
GRID_HOME   : /u01/app/19.0.0.0/grid
TNS_ADMIN   : NOT SET

--- Oracle Version ---

SQL*Plus: Release 19.0.0.0.0 - Production
Version 19.29.0.0.0


--- oratab ---
#
# This file is used by ORACLE utilities.  It is created by root.sh
# and updated by either Database Configuration Assistant while creating
# a database or ASM Configuration Assistant while creating ASM instance.
# A colon, ':', is used as the field terminator.  A new line terminates
# the entry.  Lines beginning with a pound sign, '#', are comments.
#
# Entries are of the form:
#   $ORACLE_SID:$ORACLE_HOME:<N|Y>:
#
# The first and second fields are the system identifier and home
# directory of the database respectively.  The third field indicates
# to the dbstart utility that the database should , "Y", or should not,
# "N", be brought up at system boot time.
#
# Multiple entries with the same $ORACLE_SID are not allowed.
#
#
+ASM1:/u01/app/19.0.0.0/grid:N
mydb:/u02/app/oracle/product/19.0.0.0/dbhome_1:Y
migdb:/u02/app/oracle/product/19.0.0.0/dbhome_1:Y
oradb01m:/u02/app/oracle/product/19.0.0.0/dbhome_1:Y

--- Running Oracle Processes ---
root      41960      1  0 Feb20 ?        01:31:43 /u01/app/19.0.0.0/grid/bin/osysmond.bin
grid      49361      1  0 Feb20 ?        00:00:18 asm_pmon_+ASM1
grid      49522      1  0 Feb20 ?        00:00:13 asm_lgwr_+ASM1
grid      49526      1  0 Feb20 ?        00:00:21 asm_ckpt_+ASM1
grid      49530      1  0 Feb20 ?        00:00:06 asm_smon_+ASM1
grid      53379      1  0 Feb20 ?        00:00:21 apx_pmon_+APX1

[0;36m[1m================================================================[0m
[0;36m[1m  DATABASE CONFIGURATION[0m
[0;36m[1m================================================================[0m

SELECT 'DB_NAME        : '||name FROM v$database
*
ERROR at line 1:
ORA-01034: ORACLE not available
Process ID: 0
Session ID: 0 Serial number: 0


SELECT 'DB_UNIQUE_NAME : '||db_unique_name FROM v$database
*
ERROR at line 1:
ORA-01034: ORACLE not available
Process ID: 0
Session ID: 0 Serial number: 0


SELECT 'DBID	       : '||dbid FROM v$database
*
ERROR at line 1:
ORA-01034: ORACLE not available
Process ID: 0
Session ID: 0 Serial number: 0


SELECT 'DB_ROLE        : '||database_role FROM v$database
*
ERROR at line 1:
ORA-01034: ORACLE not available
Process ID: 0
Session ID: 0 Serial number: 0


SELECT 'OPEN_MODE      : '||open_mode FROM v$database
*
ERROR at line 1:
ORA-01034: ORACLE not available
Process ID: 0
Session ID: 0 Serial number: 0


SELECT 'LOG_MODE       : '||log_mode FROM v$database
*
ERROR at line 1:
ORA-01034: ORACLE not available
Process ID: 0
Session ID: 0 Serial number: 0


SELECT 'FORCE_LOGGING  : '||force_logging FROM v$database
*
ERROR at line 1:
ORA-01034: ORACLE not available
Process ID: 0
Session ID: 0 Serial number: 0


SELECT 'PLATFORM_NAME  : '||platform_name FROM v$database
*
ERROR at line 1:
ORA-01034: ORACLE not available
Process ID: 0
Session ID: 0 Serial number: 0


SELECT 'CREATED        : '||TO_CHAR(created,'YYYY-MM-DD HH24:MI:SS') FROM v$database
*
ERROR at line 1:
ORA-01034: ORACLE not available
Process ID: 0
Session ID: 0 Serial number: 0



--- CHARACTER SET -- SELECT parameter, value FROM nls_database_parameters
SP2-0734: unknown command beginning "WHERE para..." - rest of line ignored.
SP2-0734: unknown command beginning "ORDER BY p..." - rest of line ignored.

--- DATABASE SIZE -- SELECT 'Data Files (GB) : '||ROUND(SUM(bytes)/1024/1024/1024,2) FROM dba_data_files
SELECT 'Temp Files (GB) : '||ROUND(SUM(bytes)/1024/1024/1024,2) FROM dba_temp_files
*
ERROR at line 1:
ORA-01034: ORACLE not available
Process ID: 0
Session ID: 0 Serial number: 0



[0;36m[1m================================================================[0m
[0;36m[1m  CONTAINER DATABASE STATUS[0m
[0;36m[1m================================================================[0m

SELECT 'CDB : '||cdb FROM v$database
*
ERROR at line 1:
ORA-01034: ORACLE not available
Process ID: 0
Session ID: 0 Serial number: 0



--- PDB Details -- SELECT con_id, name, open_mode, restricted, open_time,
SP2-0734: unknown command beginning "total_size..." - rest of line ignored.
SP2-0734: unknown command beginning "FROM v$pdb..." - rest of line ignored.
SP2-0734: unknown command beginning "ORDER BY c..." - rest of line ignored.

--- PDB Tablespaces -- SELECT p.name AS pdb_name, t.tablespace_name, t.status, t.contents
SP2-0734: unknown command beginning "FROM cdb_t..." - rest of line ignored.
SP2-0734: unknown command beginning "JOIN v$pdb..." - rest of line ignored.
SP2-0734: unknown command beginning "WHERE p.na..." - rest of line ignored.
SP2-0734: unknown command beginning "ORDER BY p..." - rest of line ignored.
SP2-0044: For a list of known commands enter HELP
and to leave enter EXIT.

[0;36m[1m================================================================[0m
[0;36m[1m  PRE-CONFIGURED PDBS (ADDITIONAL)[0m
[0;36m[1m================================================================[0m

--- PDB Storage Limits -- SELECT p.name AS pdb_name,
SP2-0734: unknown command beginning "p.max_size..." - rest of line ignored.
SP2-0734: unknown command beginning "p.total_si..." - rest of line ignored.
SP2-0734: unknown command beginning "FROM v$pdb..." - rest of line ignored.
SP2-0734: unknown command beginning "ORDER BY p..." - rest of line ignored.
SP2-0044: For a list of known commands enter HELP
and to leave enter EXIT.

--- PDB Services -- SELECT p.name AS pdb_name, s.name AS service_name,
SP2-0734: unknown command beginning "s.network_..." - rest of line ignored.
SP2-0734: unknown command beginning "FROM cdb_s..." - rest of line ignored.
SP2-0734: unknown command beginning "JOIN v$pdb..." - rest of line ignored.
SP2-0734: unknown command beginning "WHERE p.na..." - rest of line ignored.
SP2-0044: For a list of known commands enter HELP
and to leave enter EXIT.
SP2-0734: unknown command beginning "ORDER BY p..." - rest of line ignored.

--- PDB Users (non-system) -- SELECT p.name AS pdb_name, u.username, u.account_status,
SP2-0734: unknown command beginning "u.default_..." - rest of line ignored.
SP2-0734: unknown command beginning "FROM cdb_u..." - rest of line ignored.
SP2-0734: unknown command beginning "JOIN v$pdb..." - rest of line ignored.
SP2-0734: unknown command beginning "WHERE p.na..." - rest of line ignored.
SP2-0044: For a list of known commands enter HELP
and to leave enter EXIT.
SP2-0734: unknown command beginning "AND u.user..." - rest of line ignored.
SP2-0734: unknown command beginning "'APPQOSSYS..." - rest of line ignored.
SP2-0734: unknown command beginning "'SI_INFORM..." - rest of line ignored.
SP2-0734: unknown command beginning "ORDER BY p..." - rest of line ignored.
SP2-0044: For a list of known commands enter HELP
and to leave enter EXIT.

[0;36m[1m================================================================[0m
[0;36m[1m  TABLESPACE AND STORAGE[0m
[0;36m[1m================================================================[0m

--- Tablespace Usage -- SELECT t.tablespace_name,
SP2-0734: unknown command beginning "t.status, ..." - rest of line ignored.
SP2-0734: unknown command beginning "ROUND(NVL(..." - rest of line ignored.
SP2-0734: unknown command beginning "ROUND(d.to..." - rest of line ignored.
SP2-0734: unknown command beginning "ROUND((1 -..." - rest of line ignored.
SP2-0044: For a list of known commands enter HELP
and to leave enter EXIT.
SP2-0734: unknown command beginning "FROM dba_t..." - rest of line ignored.
SP2-0734: unknown command beginning "JOIN (SELE..." - rest of line ignored.
SP2-0734: unknown command beginning "ON t.table..." - rest of line ignored.
SP2-0734: unknown command beginning "LEFT JOIN ..." - rest of line ignored.
SP2-0044: For a list of known commands enter HELP
and to leave enter EXIT.
SP2-0734: unknown command beginning "ON t.table..." - rest of line ignored.
SP2-0734: unknown command beginning "ORDER BY p..." - rest of line ignored.

[0;36m[1m================================================================[0m
[0;36m[1m  EXADATA AND ASM STORAGE CAPACITY (ADDITIONAL)[0m
[0;36m[1m================================================================[0m

--- ASM Disk Groups ---
State    Type  Rebal  Sector  Logical_Sector  Block       AU  Total_MB  Free_MB  Req_mir_free_MB  Usable_file_MB  Offline_disks  Voting_files  Name
MOUNTED  HIGH  N         512             512   4096  4194304   5013504  4227948                0         1409316              0             Y  DATAC3/
MOUNTED  HIGH  N         512             512   4096  4194304   1253376  1073688                0          357896              0             N  RECOC3/

--- ASM Details via V$ASM_DISKGROUP ---
SELECT name AS diskgroup,
*
ERROR at line 1:
ORA-01034: ORACLE not available
Process ID: 0
Session ID: 0 Serial number: 0



--- ASM Disks -- SELECT name, path, header_status, mode_status,
SP2-0734: unknown command beginning "ROUND(tota..." - rest of line ignored.
SP2-0734: unknown command beginning "ROUND(free..." - rest of line ignored.
SP2-0734: unknown command beginning "FROM v$asm..." - rest of line ignored.
SP2-0734: unknown command beginning "ORDER BY n..." - rest of line ignored.
SP2-0044: For a list of known commands enter HELP
and to leave enter EXIT.

--- Exadata Cell Configuration ---
cellcli not available (not Exadata, or not in PATH for this user)

--- Exadata Storage Server IPs ---
ipaddress1=100.106.64.130/16
ipaddress2=100.106.64.131/16

[0;36m[1m================================================================[0m
[0;36m[1m  TDE CONFIGURATION[0m
[0;36m[1m================================================================[0m

--- Wallet Status -- SELECT * FROM v$encryption_wallet

--- Encrypted Tablespaces -- SELECT tablespace_name, encrypted FROM dba_tablespaces WHERE encrypted='YES'

--- TDE Master Keys -- SELECT con_id, key_id, creator,
SP2-0734: unknown command beginning "TO_CHAR(cr..." - rest of line ignored.
SP2-0734: unknown command beginning "activating..." - rest of line ignored.
SP2-0734: unknown command beginning "FROM v$enc..." - rest of line ignored.

[0;36m[1m================================================================[0m
[0;36m[1m  GRID INFRASTRUCTURE AND RAC STATUS[0m
[0;36m[1m================================================================[0m

--- CRS Status ---
--------------------------------------------------------------------------------
Name           Target  State        Server                   State details       
--------------------------------------------------------------------------------
Local Resources
--------------------------------------------------------------------------------
ora.DATAC3.ACFSVOL01.advm
               ONLINE  ONLINE       tmodaauks-rqahk1         STABLE
               ONLINE  ONLINE       tmodaauks-rqahk2         STABLE
ora.LISTENER.lsnr
               ONLINE  ONLINE       tmodaauks-rqahk1         STABLE
               ONLINE  ONLINE       tmodaauks-rqahk2         STABLE
ora.chad
               ONLINE  ONLINE       tmodaauks-rqahk1         STABLE
               ONLINE  ONLINE       tmodaauks-rqahk2         STABLE
ora.datac3.acfsvol01.acfs
               ONLINE  ONLINE       tmodaauks-rqahk1         mounted on /acfs01,S
                                                             TABLE
               ONLINE  ONLINE       tmodaauks-rqahk2         mounted on /acfs01,S
                                                             TABLE
ora.net1.network
               ONLINE  ONLINE       tmodaauks-rqahk1         STABLE
               ONLINE  ONLINE       tmodaauks-rqahk2         STABLE
ora.ons
               ONLINE  ONLINE       tmodaauks-rqahk1         STABLE
               ONLINE  ONLINE       tmodaauks-rqahk2         STABLE
ora.proxy_advm
               ONLINE  ONLINE       tmodaauks-rqahk1         STABLE
               ONLINE  ONLINE       tmodaauks-rqahk2         STABLE
--------------------------------------------------------------------------------
Cluster Resources
--------------------------------------------------------------------------------
ora.ASMNET1LSNR_ASM.lsnr(ora.asmgroup)
      1        ONLINE  ONLINE       tmodaauks-rqahk1         STABLE
      2        ONLINE  ONLINE       tmodaauks-rqahk2         STABLE
ora.DATAC3.dg(ora.asmgroup)
      1        ONLINE  ONLINE       tmodaauks-rqahk1         STABLE
      2        ONLINE  ONLINE       tmodaauks-rqahk2         STABLE
ora.LISTENER_SCAN1.lsnr
      1        ONLINE  ONLINE       tmodaauks-rqahk2         STABLE
ora.LISTENER_SCAN2.lsnr
      1        ONLINE  ONLINE       tmodaauks-rqahk1         STABLE
ora.LISTENER_SCAN3.lsnr
      1        ONLINE  ONLINE       tmodaauks-rqahk1         STABLE
ora.RECOC3.dg(ora.asmgroup)
      1        ONLINE  ONLINE       tmodaauks-rqahk1         STABLE
      2        ONLINE  ONLINE       tmodaauks-rqahk2         STABLE
ora.asm(ora.asmgroup)
      1        ONLINE  ONLINE       tmodaauks-rqahk1         Started,STABLE
      2        ONLINE  ONLINE       tmodaauks-rqahk2         Started,STABLE
ora.asmnet1.asmnetwork(ora.asmgroup)
      1        ONLINE  ONLINE       tmodaauks-rqahk1         STABLE
      2        ONLINE  ONLINE       tmodaauks-rqahk2         STABLE
ora.cvu
      1        ONLINE  ONLINE       tmodaauks-rqahk1         STABLE
ora.migdb.db
      1        OFFLINE OFFLINE                               STABLE
      2        OFFLINE OFFLINE                               Instance Shutdown,ST
                                                             ABLE
ora.migdb.migdb_migdbpdb.paas.oracle.com.svc
      1        OFFLINE OFFLINE                               STABLE
      3        OFFLINE OFFLINE                               STABLE
ora.mydb.db
      1        OFFLINE OFFLINE                               STABLE
      2        OFFLINE OFFLINE                               Instance Shutdown,ST
                                                             ABLE
ora.mydb.mydb_mydbpdb.paas.oracle.com.svc
      1        OFFLINE OFFLINE                               STABLE
      3        OFFLINE OFFLINE                               STABLE
ora.mydb.mydb_zdm_restore.svc
      1        OFFLINE OFFLINE                               STABLE
ora.oradb01m.db
      1        OFFLINE OFFLINE                               STABLE
      2        OFFLINE OFFLINE                               Instance Shutdown,ST
                                                             ABLE
ora.oradb01m.oradb01_oradb01pdb.paas.oracle.com.svc
      1        OFFLINE OFFLINE                               STABLE
      3        OFFLINE OFFLINE                               STABLE
ora.qosmserver
      1        ONLINE  ONLINE       tmodaauks-rqahk1         STABLE
ora.scan1.vip
      1        ONLINE  ONLINE       tmodaauks-rqahk2         STABLE
ora.scan2.vip
      1        ONLINE  ONLINE       tmodaauks-rqahk1         STABLE
ora.scan3.vip
      1        ONLINE  ONLINE       tmodaauks-rqahk1         STABLE
ora.tmodaauks-rqahk1.vip
      1        ONLINE  ONLINE       tmodaauks-rqahk1         STABLE
ora.tmodaauks-rqahk2.vip
      1        ONLINE  ONLINE       tmodaauks-rqahk2         STABLE
--------------------------------------------------------------------------------

--- Cluster Nodes ---
tmodaauks-rqahk1	1
tmodaauks-rqahk2	2

--- OCR/Voting Disk Location ---
Status of Oracle Cluster Registry is as follows :
	 Version                  :          4
	 Total space (kbytes)     :     901284
	 Used space (kbytes)      :      85004
	 Available space (kbytes) :     816280
	 ID                       :  366136791
	 Device/File Name         :    +DATAC3
                                    Device/File integrity check succeeded

                                    Device/File not configured

                                    Device/File not configured

                                    Device/File not configured

                                    Device/File not configured

	 Cluster registry integrity check succeeded

	 Logical corruption check bypassed due to non-privileged user

SELECT 'CLUSTER_DATABASE : '||value FROM v$parameter WHERE name='cluster_database'
*
ERROR at line 1:
ORA-01034: ORACLE not available
Process ID: 0
Session ID: 0 Serial number: 0


SELECT 'INSTANCE_NAME	 : '||instance_name FROM v$instance
*
ERROR at line 1:
ORA-01034: ORACLE not available
Process ID: 0
Session ID: 0 Serial number: 0


SELECT 'INSTANCE_NUMBER  : '||instance_number FROM v$instance
*
ERROR at line 1:
ORA-01034: ORACLE not available
Process ID: 0
Session ID: 0 Serial number: 0


SELECT 'HOST_NAME	 : '||host_name FROM v$instance
*
ERROR at line 1:
ORA-01034: ORACLE not available
Process ID: 0
Session ID: 0 Serial number: 0



--- All RAC Instances -- SELECT instance_number, instance_name, host_name, status, thread#
SP2-0734: unknown command beginning "FROM gv$in..." - rest of line ignored.

[0;36m[1m================================================================[0m
[0;36m[1m  NETWORK CONFIGURATION[0m
[0;36m[1m================================================================[0m

--- Listener Status ---

LSNRCTL for Linux: Version 19.0.0.0.0 - Production on 27-FEB-2026 17:07:28

Copyright (c) 1991, 2025, Oracle.  All rights reserved.

Connecting to (ADDRESS=(PROTOCOL=tcp)(HOST=)(PORT=1521))
STATUS of the LISTENER
------------------------
Alias                     LISTENER
Version                   TNSLSNR for Linux: Version 19.0.0.0.0 - Production
Start Date                20-FEB-2026 22:52:07
Uptime                    6 days 18 hr. 15 min. 21 sec
Trace Level               off
Security                  ON: Local OS Authentication
SNMP                      OFF
Listener Parameter File   /u01/app/19.0.0.0/grid/network/admin/listener.ora
Listener Log File         /u01/app/grid/diag/tnslsnr/tmodaauks-rqahk1/listener/alert/log.xml
Listening Endpoints Summary...
  (DESCRIPTION=(ADDRESS=(PROTOCOL=ipc)(KEY=LISTENER)))
  (DESCRIPTION=(ADDRESS=(PROTOCOL=tcps)(HOST=10.0.1.155)(PORT=2484)))
  (DESCRIPTION=(ADDRESS=(PROTOCOL=tcp)(HOST=10.0.1.160)(PORT=1521)))
  (DESCRIPTION=(ADDRESS=(PROTOCOL=tcp)(HOST=10.0.1.155)(PORT=1521)))
Services Summary...
Service "+APX" has 1 instance(s).
  Instance "+APX1", status READY, has 1 handler(s) for this service...
Service "+ASM" has 1 instance(s).
  Instance "+ASM1", status READY, has 1 handler(s) for this service...
Service "+ASM_DATAC3" has 1 instance(s).
  Instance "+ASM1", status READY, has 1 handler(s) for this service...
Service "+ASM_RECOC3" has 1 instance(s).
  Instance "+ASM1", status READY, has 1 handler(s) for this service...
The command completed successfully

--- SCAN Listener (if RAC) ---

LSNRCTL for Linux: Version 19.0.0.0.0 - Production on 27-FEB-2026 17:07:28

Copyright (c) 1991, 2025, Oracle.  All rights reserved.

TNS-01101: Could not find listener name or service name LISTENER_SCAN1

LSNRCTL for Linux: Version 19.0.0.0.0 - Production on 27-FEB-2026 17:07:28

Copyright (c) 1991, 2025, Oracle.  All rights reserved.

TNS-01101: Could not find listener name or service name LISTENER_SCAN2

LSNRCTL for Linux: Version 19.0.0.0.0 - Production on 27-FEB-2026 17:07:28

Copyright (c) 1991, 2025, Oracle.  All rights reserved.

TNS-01101: Could not find listener name or service name LISTENER_SCAN3

--- tnsnames.ora ---

--- sqlnet.ora ---

[0;36m[1m================================================================[0m
[0;36m[1m  OCI AND AZURE INTEGRATION[0m
[0;36m[1m================================================================[0m

--- OCI CLI Version ---
OCI CLI not found in PATH

--- OCI Config ---
No ~/.oci/config found

--- OCI Connectivity Test ---
OCI connectivity: FAILED or not configured

--- Azure Instance Metadata ---
<html>
<head><title>404 Not Found</title></head>
<body bgcolor="white">
<center><h1>404 Not Found</h1></center>
</body>
</html>

--- OCI Instance Metadata ---
<html>
<head><title>404 Not Found</title></head>
<body bgcolor="white">
<center><h1>404 Not Found</h1></center>
</body>
</html>

[0;36m[1m================================================================[0m
[0;36m[1m  NETWORK SECURITY GROUP RULES (ADDITIONAL)[0m
[0;36m[1m================================================================[0m

--- iptables Rules ---
Chain INPUT (policy ACCEPT 0 packets, 0 bytes)
 pkts bytes target     prot opt in     out     source               destination         

Chain FORWARD (policy ACCEPT 0 packets, 0 bytes)
 pkts bytes target     prot opt in     out     source               destination         

Chain OUTPUT (policy ACCEPT 0 packets, 0 bytes)
 pkts bytes target     prot opt in     out     source               destination         

--- firewalld Status ---
● firewalld.service - firewalld - dynamic firewall daemon
   Loaded: loaded (/usr/lib/systemd/system/firewalld.service; disabled; vendor preset: enabled)
   Active: inactive (dead)
     Docs: man:firewalld(1)
firewalld not running or not installed

--- Open Ports (ss) ---
LISTEN 0      128       10.0.1.160:1521       0.0.0.0:*                                      
LISTEN 0      128    100.107.0.193:22299      0.0.0.0:*                                      
LISTEN 0      128       10.0.1.160:22         0.0.0.0:*                                      
LISTEN 0      128        127.0.0.1:22         0.0.0.0:*                                      
LISTEN 0      50           0.0.0.0:55000      0.0.0.0:*                                      
LISTEN 0      1          127.0.0.1:22613      0.0.0.0:*                                      
LISTEN 0      128       10.0.1.155:1521       0.0.0.0:*                                      
LISTEN 0      128       10.0.1.200:1521       0.0.0.0:*                                      
LISTEN 0      128       10.0.1.159:1521       0.0.0.0:*                                      
LISTEN 0      128    169.254.200.2:22         0.0.0.0:*                                      

--- TCP Connectivity from Target to Source (port 1521, 22) ---
  proddb01.corp.example.com:22 — BLOCKED or unreachable
  proddb01.corp.example.com:1521 — BLOCKED or unreachable

NOTE: Cloud-level NSG/Security Group rules should be verified via
the Azure portal or OCI console — they are not visible from the OS.

[0;36m[1m================================================================[0m
[0;36m[1m  AUTHENTICATION[0m
[0;36m[1m================================================================[0m

--- Password File ---

--- SSH Directory (opc user) ---
total 24
drwx------. 2 opc opc   80 Feb 21 00:51 .
drwx------. 7 opc opc 4096 Feb 23 23:22 ..
-rw-------. 1 opc opc 3085 Feb 21 00:52 authorized_keys
-rw-------. 1 opc opc 2590 Dec 16 15:12 id_rsa
-rw-------. 1 opc opc  562 Dec 16 15:12 id_rsa.pub
-rw-rw-r--. 1 opc opc 4524 Dec 16 16:22 known_hosts

--- Authorized Keys ---

ssh-rsa AAAAB3NzaC1yc2EAAAADAQABAAABgQDCE30sU+r1r/sTBANKBAXq2ozAPjUZPbG3Ul8RrkNCYPekGXtHJbB+Ise2IGkOuCouLgz1k4NphMrdWGE1Zcc4GVNjsjSLoU2rbWESLHe3V+iQasQqA/cg432uJtRrgrMllnySLMB7BHmaKoghv8dYXB3a1q5t1ECaVX6KcXVqelnOy7YZyfqb5OF1MX2EbTkUrDE2y6qTAgj3ug9yRkOgO0+zxkryucmIsRjSGuTKBd0or7UJ/C/59bS9GOYSG1iS6WUQ5FmOEBEGHlLXL9ajlZvLRiCoCYMVPhbsujCsNEU8ykeoHB1/Omp3NBzzwXNq//hocYWq92dZVuzyrT79hvQehxjtUSwwfB72gyVT8h97WvA/yOtOD9BWyDNMl9vnjN742WEVdAsud99/R8EBdKhfF7YaZmFLEFIgObGMvVlk9BZPGAEfJkfrZaJbUb6DIe0TzNFac6oYVCvDPyTqNaZvMEwaFYma3XVziPyxI/ZoMuElkd3KLe/fvDXq23c= USER_KEY
ssh-rsa AAAAB3NzaC1yc2EAAAADAQABAAABgQDxf1TyGQcb6ETt4HDFZmnu+Nn4djAKJF8Jqjs5y0T2RQQe+0pDa2eidRAuLWKza4/7/nFOQ3gSs5vKvmefvPvcWSXRSl+jhyL8la9a8zubh3lMCSEhsHd9nH9qh0ccn7MYuNyQ8LImqCuhti8f5IOu6N00c+d10jfFhJmfciuvLhVejFkiZ4KUErSjEqVhHP6pnY3wHr7zVVnP6GkCHIzaEFPYmCOmPhqaFSjXI+okiHbkGRN5sgS7qyoe1L0ma0wP3nvsyNX/Ha40VIJy/eHlR3qIcANAPww4LRD7N+2/aG9GyXI7ur9FSzqBQihZ4Ls7E0HREGvyDCGQGqlMEXzqoHBIWW+8w6Ir9TBDS7Yo21pKVH0id+qjCK4o7d66BYVqwo6y+xgBc6hyQwO5fDTR6dCO1qJ3PYwgc08cxvbEP1t/McOuv68dgzbLyENU6pe4sKK7iYbXZDY0zlM2Pn071F+j/NUV0SDU2L9rC25hukmH6o9facygpgZCz53Ttoc= USER_KEY

ssh-rsa AAAAB3NzaC1yc2EAAAADAQABAAABgQCbwbQYtibf2pB+iPIg2iTfRwe8e3IEXGmkZRNdUH7XjckRcavBGQDtKGKI12cMuJA7DYe2mJcuJOw6C86w2SQlu1a7lKRjpzepj7kqY3Wfdid53mIzIKAIeK92WcXWQNOHDn6EzZ045m3Q8KbpC9zPgefmfuQqWBCHOrGHxZpJeJbIqm6DzqzuSUBjsWY7gdwNoF/cv6jZT0zec6xLpWTIf8HoiVKlej2/fxM2rNyxW2qwUdLsdimBBnNAGTcxSV498VPFGWF1vw7tTZSFpz07ITEori0RDkLYPJPLYbQ8pxrzF+rKcj8byQBe3Gh+BJxYOkkM0SQP0C8Mz7rqKVtrQH0WJYq+4/O1io0Flk8uHiuBASSrdxW19XE0QjrbJoMu72pTS7R0eYQ0Jg774niEceOyjB/PPp8nydhboWAfMwYzFMSpDXzlFvOUIOjKzPiUz+2KkmSAJYZE611hXw33VCPEJ6GZZbOyjuk0D5GO0yRU+wkirQkA8RiZJWm3b7k= generated-by-azure
ssh-rsa AAAAB3NzaC1yc2EAAAADAQABAAABgQC3piTGXLH50Jn/9jSLS+pvWXtVeFEF4wz5jLJFGXdTmNCRAhaQjiD9CeXFrNj+R6WrTTjBmHJzm0QvN4zpWL81zbjjS81lAItrFMAavo71wcG4gTAE0eR2+fvcuiO78/jaZshFm/5vfQX411YoWjL6DnrYERQeaESJNBEuqo+xdah+XGn0vAzesAiLq3wzz8u8d1cUS+QsTdDlK30aTq2EwrV6qOpUsZLdSqGHA5pgzCj22O98vj8tZLbQfQLo+Zlc+WN5SEBbwGP1z7CftVH/JQy34W0kB6iEf26xGmlzHbf2Pwoqh1rAE/nWzEVuUCZTkiKLf0mNqwutQXoVUP/Nnaof4pJfQg6+501DePxa8Hl0miZKbhWH2++MkErAD1RKcZ+KZxmJJBGlRwTuUC+tIZORHr/Roh09PnFy9NyWveZ2BfU+0UxbRBSt/W2b8FuVNVPAjCxVyy+7jAWrgQySOjPDkurXR+AJBpMMPgPxRq9Q8uR7pHzvq/GRAEKFh0k= zdmuser@tm-vm-odaa-oracle-jumpbox
ssh-rsa AAAAB3NzaC1yc2EAAAADAQABAAABAQCr119bjN3BQi5uH1UHuwsKlveXMHKCMs6iPxOqMeaFCi0i1EPj1sUjmN9oau4phjGvhGeugk/wPH0rri66AOh0JjeTVgRVp81l99A3baoNjtJUG7LAI9Apt+EqGJIBWAe2I7Xm49tPifY90tgbPXnFt00+Py+eJnNn7CEnvXLAAFfdhFwzOAH3TB6jIlnk/eLW7Ap1rdD/dPFKyR3Ddb2PlIOSy4Ru/LOcAvI+xMVcMxfz5fbuktedMT1+5s1kNBvA7u3QWlJz4xpLWOI/Zwz8hkW5RxptXCLWeezuKUrRlD7bg/v1QJsUiJuUFSrYbmlMMQdwRn0lg14OTAXUbx0f ssh-key-2026-02-03
ssh-rsa AAAAB3NzaC1yc2EAAAADAQABAAABAQCU8HPJazO+QC9y6V5MEpU7NfGHtC6HZI3mBig4sAKxxmDiEj+ZCllt1u/ZtVKKGrzP8JDvAeFivKzXzfP8fyxGiLHXQavvclKETm0cJEcHYAUA1rFI9/ceii77zpRPSx3Ol9syxGRzfFEi0r3gjspBrj+AdScDZUdK1NAHrBQdQq08VsKgal1s8S5688WGOrVOnkcroj8wk063dMv2zenxHOgHLFSvQeRUGrxHJuWFoYVTctIGSjTDFE5Rrw694tNmmXYB9+NbvJ8bn9H4Rj55ZOOg6V5ZCx4gbFwsHs4nRq6uVM/8oJv7BHu5mvk1eTNVOnmxDRjvPzZczTPNSktt ssh-key-2026-02-03

[0;36m[1m================================================================[0m
[0;36m[1m  ZDM-RELEVANT INIT PARAMETERS[0m
[0;36m[1m================================================================[0m

SELECT name, value FROM v$parameter
*
ERROR at line 1:
ORA-01034: ORACLE not available
Process ID: 0
Session ID: 0 Serial number: 0



[0;36m[1m================================================================[0m
[0;36m[1m  DISCOVERY COMPLETE[0m
[0;36m[1m================================================================[0m

  Output file : ./zdm_target_discovery_tmodaauks-rqahk1_20260227_170720.txt
  JSON file   : ./zdm_target_discovery_tmodaauks-rqahk1_20260227_170720.json
  Completed   : Fri Feb 27 17:07:39 UTC 2026
  Section errors: 0 (non-critical; some checks may have failed)

  SUCCESS: All sections completed without errors.
EXIT_CODE:0
