Warning: Permanently added '10.1.0.10' (ED25519) to the list of known hosts.
[0;32m[INFO][0m Starting ZDM Source Discovery on temandin-oravm-vm01
[0;32m[INFO][0m Timestamp: 20260202_225551
[0;32m[INFO][0m Running as user: temandin
[0;32m[INFO][0m Oracle user for SQL execution: oracle
[0;32m[INFO][0m Auto-detecting Oracle environment...
[0;32m[INFO][0m Detected from oratab: ORACLE_SID=oradb01, ORACLE_HOME=/u01/app/oracle/product/19.0.0/dbhome_1
===============================================================================
ZDM Source Database Discovery Report
Project: PRODDB Migration to Oracle Database@Azure
Source: proddb01.corp.example.com
Generated: Mon Feb  2 22:55:51 UTC 2026
Hostname: temandin-oravm-vm01
===============================================================================

[0;36m=== OS Information ===[0m
Hostname: temandin-oravm-vm01
FQDN: temandin-oravm-vm01.s15cwnltpnyuher1lvdjg5qxtd.zx.internal.cloudapp.net
IP Addresses:
  127.0.0.1/8
  10.1.0.10/24

Operating System:
NAME="Oracle Linux Server"
VERSION="7.9"

Kernel: 5.4.17-2136.338.4.2.el7uek.x86_64

Disk Space:
Filesystem                     Size  Used Avail Use% Mounted on
/dev/sda2                       30G   20G  7.7G  73% /
/dev/mapper/vg_ora01-lv_ora01  4.0T   33M  4.0T   1% /u02
/dev/sda1                      497M  317M  181M  64% /boot
/dev/sda15                     495M  7.4M  488M   2% /boot/efi

[0;36m=== Oracle Environment ===[0m
ORACLE_HOME: /u01/app/oracle/product/19.0.0/dbhome_1
ORACLE_SID: oradb01
ORACLE_BASE: NOT SET

Oracle Version:

SQL*Plus: Release 19.0.0.0.0 - Production
Version 19.3.0.0.0

[0;36m=== Database Configuration ===[0m

'DATABASENAME:'||NAME
------------------------
Database Name: ORADB01

'DBUNIQUENAME:'||DB_UNIQUE_NAME
----------------------------------------------
DB Unique Name: oradb01

'DBID:'||DBID
----------------------------------------------
DBID: 1593802201

'DATABASEROLE:'||DATABASE_ROLE
-------------------------------
Database Role: PRIMARY

'OPENMODE:'||OPEN_MODE
-------------------------------
Open Mode: READ WRITE

'LOGMODE:'||LOG_MODE
----------------------
Log Mode: ARCHIVELOG

'FORCELOGGING:'||FORCE_LOGGING
------------------------------------------------------
Force Logging: YES

'FLASHBACKON:'||FLASHBACK_ON
--------------------------------
Flashback On: NO

Database Size:

'DATAFILES:'||ROUND(SUM(BYTES)/1024/1024/1024,2)||'GB'
-------------------------------------------------------
Data Files: 1.9 GB

'TEMPFILES:'||ROUND(SUM(BYTES)/1024/1024/1024,2)||'GB'
-------------------------------------------------------
Temp Files: .03 GB

Character Set:

'CHARACTERSET:'||VALUE
--------------------------------------------------------------------------------------------------------------------------------------------------------------------------------------------------------
Character Set: AL32UTF8

'NATIONALCHARACTERSET:'||VALUE
--------------------------------------------------------------------------------------------------------------------------------------------------------------------------------------------------------
National Character Set: AL16UTF16

[0;36m=== Container Database Configuration ===[0m
CDB Status: NO

[0;36m=== TDE Configuration ===[0m
Encryption Wallet Status:

WRL_TYPE
--------------------
WRL_PARAMETER
--------------------------------------------------------------------------------------------------------------------------------------------------------------------------------------------------------
STATUS			       WALLET_TYPE	    WALLET_OR
------------------------------ -------------------- ---------
FILE
/u01/app/oracle/admin/oradb01/wallet/tde/
OPEN			       AUTOLOGIN	    SINGLE


Encrypted Tablespaces:

TDE Master Key Info:

KEY_ID									       ACTIVATION_TIME
------------------------------------------------------------------------------ ---------------------------------------------------------------------------
CREATOR 															 KEY_USE
-------------------------------------------------------------------------------------------------------------------------------- ----------
AecjSNHqSU9+v//fDfsUtcMAAAAAAAAAAAAAAAAAAAAAAAAAAAAA			       28-JAN-26 05.59.30.748268 PM +00:00
SYS																 TDE


[0;36m=== Supplemental Logging ===[0m

'SUPPLEMENTALLOGDATAMIN:'||SUPPLEME 'SUPPLEMENTALLOGDATAPK:'||SUP 'SUPPLEMENTALLOGDATAUI:'||SUP 'SUPPLEMENTALLOGDATAFK:'||SUP 'SUPPLEMENTALLOGDATAALL:'||SUP
----------------------------------- ----------------------------- ----------------------------- ----------------------------- ------------------------------
Supplemental Log Data Min: YES	    Supplemental Log Data PK: YES Supplemental Log Data UI: NO	Supplemental Log Data FK: NO  Supplemental Log Data All: NO

[0;36m=== Redo and Archive Configuration ===[0m
Redo Log Groups:

    GROUP#    THREAD#  SEQUENCE#    SIZE_MB    MEMBERS ARC STATUS
---------- ---------- ---------- ---------- ---------- --- ----------------
	 1	    1	      10	200	     1 NO  CURRENT
	 2	    1	       8	200	     1 YES INACTIVE
	 3	    1	       9	200	     1 YES INACTIVE

Redo Log Members:

    GROUP#
----------
MEMBER
--------------------------------------------------------------------------------------------------------------------------------------------------------------------------------------------------------
TYPE	STATUS
------- -------
	 1
/u01/app/oracle/oradata/ORADB01/redo01.log
ONLINE

	 2
/u01/app/oracle/oradata/ORADB01/redo02.log
ONLINE

	 3
/u01/app/oracle/oradata/ORADB01/redo03.log
ONLINE


Archive Log Destinations:

   DEST_ID
----------
DEST_NAME
--------------------------------------------------------------------------------------------------------------------------------------------------------------------------------------------------------
STATUS	  TYPE
--------- -------
DESTINATION
--------------------------------------------------------------------------------------------------------------------------------------------------------------------------------------------------------
	 1
LOG_ARCHIVE_DEST_1
VALID	  PUBLIC
/u01/app/oracle/product/19.0.0/dbhome_1/dbs/arch


Archive Log Mode:

'ARCHIVEMODE:'||LOG_MODE
--------------------------
Archive Mode: ARCHIVELOG

[0;36m=== Network Configuration ===[0m
Listener Status:

LSNRCTL for Linux: Version 19.0.0.0.0 - Production on 02-FEB-2026 22:56:14

Copyright (c) 1991, 2019, Oracle.  All rights reserved.

Connecting to (ADDRESS=(PROTOCOL=tcp)(HOST=)(PORT=1521))
TNS-12541: TNS:no listener
 TNS-12560: TNS:protocol adapter error
  TNS-00511: No listener
   Linux Error: 111: Connection refused

tnsnames.ora:
File not found

sqlnet.ora:
File not found

[0;36m=== Authentication Configuration ===[0m
Password File Location:
-rw-r-----. 1 oracle oinstall 2048 Jan 27 21:20 /u01/app/oracle/product/19.0.0/dbhome_1/dbs/orapworadb01

SSH Directory Contents (for oracle user):
SSH directory not found for oracle user (this is expected when using admin user with sudo)

[0;36m=== Data Guard Configuration ===[0m

NAME
--------------------------------------------------------------------------------
VALUE
--------------------------------------------------------------------------------------------------------------------------------------------------------------------------------------------------------
db_file_name_convert


fal_client


fal_server


log_archive_config


log_archive_dest_1


log_archive_dest_2


log_archive_dest_state_1
enable

log_archive_dest_state_2
enable

log_file_name_convert


standby_file_management
MANUAL


[0;36m=== Schema Information ===[0m
Schema Sizes (non-system schemas > 100MB):

Invalid Objects by Owner/Type:

[0;36m=== Tablespace Autoextend Settings ===[0m

TABLESPACE_NAME
------------------------------
FILE_NAME
--------------------------------------------------------------------------------------------------------------------------------------------------------------------------------------------------------
   SIZE_MB MAX_SIZE_MB AUT INCREMENT_MB
---------- ----------- --- ------------
SYSAUX
/u01/app/oracle/oradata/ORADB01/sysaux01.dbf
       690    32767.98 YES	     10

SYSTEM
/u01/app/oracle/oradata/ORADB01/system01.dbf
       910    32767.98 YES	     10

UNDOTBS1
/u01/app/oracle/oradata/ORADB01/undotbs01.dbf
       340    32767.98 YES	      5

USERS
/u01/app/oracle/oradata/ORADB01/users01.dbf
	 5    32767.98 YES	   1.25


[0;36m=== Backup Schedule and Retention ===[0m
RMAN Configuration:

NAME
-----------------------------------------------------------------
VALUE
--------------------------------------------------------------------------------------------------------------------------------------------------------------------------------------------------------
CONTROLFILE AUTOBACKUP
ON


Recent Backup History (last 7 days):

[0;36m=== Database Links ===[0m

OWNER
--------------------------------------------------------------------------------------------------------------------------------
DB_LINK
--------------------------------------------------------------------------------------------------------------------------------
USERNAME
--------------------------------------------------------------------------------------------------------------------------------
HOST
--------------------------------------------------------------------------------------------------------------------------------------------------------------------------------------------------------
CREATED
---------
SYS
SYS_HUB

SEEDDATA
17-APR-19


[0;36m=== Materialized View Refresh Schedules ===[0m

Materialized View Refresh Groups:

[0;36m=== Scheduler Jobs ===[0m

DBMS_JOB Jobs (Legacy):

===============================================================================
End of Discovery Report
===============================================================================
[0;32m[INFO][0m JSON summary written to: ./zdm_source_discovery_temandin-oravm-vm01_20260202_225551.json
[0;32m[INFO][0m Discovery complete!
[0;32m[INFO][0m Text report: ./zdm_source_discovery_temandin-oravm-vm01_20260202_225551.txt
[0;32m[INFO][0m JSON summary: ./zdm_source_discovery_temandin-oravm-vm01_20260202_225551.json
