[0;32m=============================================================================[0m
[0;32m  ZDM Source Database Discovery Script[0m
[0;32m  Project: PRODDB Migration to Oracle Database@Azure[0m
[0;32m  Host: temandin-oravm-vm01[0m
[0;32m  Timestamp: Fri Jan 30 16:20:09 UTC 2026[0m
[0;32m=============================================================================[0m

[0;34m=================================================================================[0m
[0;34m  OS INFORMATION[0m
[0;34m=================================================================================[0m

[0;32m[OK][0m OS information collected

[0;34m=================================================================================[0m
[0;34m  ORACLE ENVIRONMENT[0m
[0;34m=================================================================================[0m

[0;32m[OK][0m Oracle environment collected

[0;34m=================================================================================[0m
[0;34m  DATABASE CONFIGURATION[0m
[0;34m=================================================================================[0m

[0;32m[OK][0m Database configuration collected

[0;34m=================================================================================[0m
[0;34m  CONTAINER DATABASE / PDB[0m
[0;34m=================================================================================[0m

[0;32m[OK][0m CDB/PDB information collected

[0;34m=================================================================================[0m
[0;34m  TDE CONFIGURATION[0m
[0;34m=================================================================================[0m

[0;32m[OK][0m TDE configuration collected

[0;34m=================================================================================[0m
[0;34m  SUPPLEMENTAL LOGGING[0m
[0;34m=================================================================================[0m

[0;32m[OK][0m Supplemental logging collected

[0;34m=================================================================================[0m
[0;34m  REDO AND ARCHIVE CONFIGURATION[0m
[0;34m=================================================================================[0m

[0;32m[OK][0m Redo/Archive configuration collected

[0;34m=================================================================================[0m
[0;34m  NETWORK CONFIGURATION[0m
[0;34m=================================================================================[0m

[0;32m[OK][0m Network configuration collected

[0;34m=================================================================================[0m
[0;34m  AUTHENTICATION[0m
[0;34m=================================================================================[0m

[0;32m[OK][0m Authentication configuration collected

[0;34m=================================================================================[0m
[0;34m  DATA GUARD CONFIGURATION[0m
[0;34m=================================================================================[0m

[0;32m[OK][0m Data Guard configuration collected

[0;34m=================================================================================[0m
[0;34m  SCHEMA INFORMATION[0m
[0;34m=================================================================================[0m

[0;32m[OK][0m Schema information collected

[0;34m=================================================================================[0m
[0;34m  TABLESPACE AUTOEXTEND SETTINGS[0m
[0;34m=================================================================================[0m

[0;32m[OK][0m Tablespace autoextend settings collected

[0;34m=================================================================================[0m
[0;34m  BACKUP SCHEDULE AND RETENTION[0m
[0;34m=================================================================================[0m

[0;32m[OK][0m Backup schedule and retention collected

[0;34m=================================================================================[0m
[0;34m  DATABASE LINKS[0m
[0;34m=================================================================================[0m

[0;32m[OK][0m Database links collected

[0;34m=================================================================================[0m
[0;34m  MATERIALIZED VIEW REFRESH SCHEDULES[0m
[0;34m=================================================================================[0m

[0;32m[OK][0m Materialized view refresh schedules collected

[0;34m=================================================================================[0m
[0;34m  SCHEDULER JOBS[0m
[0;34m=================================================================================[0m

[0;32m[OK][0m Scheduler jobs collected

[0;34m=================================================================================[0m
[0;34m  GENERATING JSON SUMMARY[0m
[0;34m=================================================================================[0m

[0;32m[OK][0m JSON summary generated: ./zdm_source_discovery_temandin-oravm-vm01_20260130_162009.json

[0;32m=============================================================================[0m
[0;32m  Discovery Complete[0m
[0;32m=============================================================================[0m
Text Report: [0;34m./zdm_source_discovery_temandin-oravm-vm01_20260130_162009.txt[0m
JSON Summary: [0;34m./zdm_source_discovery_temandin-oravm-vm01_20260130_162009.json[0m
