[0;32m=============================================================================[0m
[0;32m  ZDM Target Database Discovery Script (Oracle Database@Azure)[0m
[0;32m  Project: PRODDB Migration to Oracle Database@Azure[0m
[0;32m  Host: tmodaauks-rqahk1[0m
[0;32m  Timestamp: Fri Jan 30 16:20:58 UTC 2026[0m
[0;32m=============================================================================[0m

[0;34m=================================================================================[0m
[0;34m  OS INFORMATION[0m
[0;34m=================================================================================[0m

[0;32m[OK][0m OS information collected

[0;34m=================================================================================[0m
[0;34m  ORACLE ENVIRONMENT[0m
[0;34m=================================================================================[0m

[0;32m[OK][0m Oracle environment collected

[0;34m=================================================================================[0m
[0;34m  DATABASE CONFIGURATION[0m
[0;34m=================================================================================[0m

[0;32m[OK][0m Database configuration collected

[0;34m=================================================================================[0m
[0;34m  STORAGE CONFIGURATION[0m
[0;34m=================================================================================[0m

[0;32m[OK][0m Storage configuration collected

[0;34m=================================================================================[0m
[0;34m  CONTAINER DATABASE / PDB[0m
[0;34m=================================================================================[0m

[0;32m[OK][0m CDB/PDB information collected

[0;34m=================================================================================[0m
[0;34m  TDE CONFIGURATION[0m
[0;34m=================================================================================[0m

[0;32m[OK][0m TDE configuration collected

[0;34m=================================================================================[0m
[0;34m  NETWORK CONFIGURATION[0m
[0;34m=================================================================================[0m

[0;32m[OK][0m Network configuration collected

[0;34m=================================================================================[0m
[0;34m  OCI/AZURE INTEGRATION[0m
[0;34m=================================================================================[0m

[0;32m[OK][0m OCI/Azure integration collected

[0;34m=================================================================================[0m
[0;34m  GRID INFRASTRUCTURE (RAC)[0m
[0;34m=================================================================================[0m

[0;32m[OK][0m Grid Infrastructure information collected

[0;34m=================================================================================[0m
[0;34m  AUTHENTICATION[0m
[0;34m=================================================================================[0m

[0;32m[OK][0m Authentication configuration collected

[0;34m=================================================================================[0m
[0;34m  EXADATA STORAGE CAPACITY[0m
[0;34m=================================================================================[0m

[0;32m[OK][0m Exadata storage capacity collected

[0;34m=================================================================================[0m
[0;34m  PRE-CONFIGURED PDBs[0m
[0;34m=================================================================================[0m

[0;32m[OK][0m Pre-configured PDBs collected

[0;34m=================================================================================[0m
[0;34m  NETWORK SECURITY GROUP RULES[0m
[0;34m=================================================================================[0m

[0;32m[OK][0m Network security information collected

[0;34m=================================================================================[0m
[0;34m  GENERATING JSON SUMMARY[0m
[0;34m=================================================================================[0m

[0;32m[OK][0m JSON summary generated: ./zdm_target_discovery_tmodaauks-rqahk1_20260130_162058.json

[0;32m=============================================================================[0m
[0;32m  Discovery Complete[0m
[0;32m=============================================================================[0m
Text Report: [0;34m./zdm_target_discovery_tmodaauks-rqahk1_20260130_162058.txt[0m
JSON Summary: [0;34m./zdm_target_discovery_tmodaauks-rqahk1_20260130_162058.json[0m
