[2026-02-27T17:20:32] 
[2026-02-27T17:20:32] ========================================
[2026-02-27T17:20:32] PRE-CHECK: Verify SSH connectivity to source
[2026-02-27T17:20:32] ========================================
[2026-02-27T17:20:32] SSH connection to source verified.
[2026-02-27T17:20:32] 
[2026-02-27T17:20:32] ========================================
[2026-02-27T17:20:32] PRE-CHECK: Current source database status
[2026-02-27T17:20:32] ========================================
LOG_MODE=ARCHIVELOG
FORCE_LOGGING=YES
SUPPLEMENTAL_MIN=YES
SUPPLEMENTAL_ALL=YES
OPEN_MODE=READ WRITE
[2026-02-27T17:20:32] 
[2026-02-27T17:20:32] ========================================
[2026-02-27T17:20:32] ACTION-08: Prepare archive log destination directory
[2026-02-27T17:20:32] ========================================
[2026-02-27T17:20:32] Target archive destination: /u01/app/oracle/fast_recovery_area
Filesystem      Size  Used Avail Use% Mounted on
/dev/sda2        30G   20G  8.5G  70% /
[2026-02-27T17:20:33] ACTION-08 complete.
[2026-02-27T17:20:33] 
[2026-02-27T17:20:33] ========================================
[2026-02-27T17:20:33] ACTION-01: Enable ARCHIVELOG Mode (requires database restart)
[2026-02-27T17:20:33] ========================================
[2026-02-27T17:20:33] ⚠️  This will restart the source database. Coordinate with stakeholders before proceeding.
[2026-02-27T17:20:33] Sleeping 10s — press Ctrl+C to abort...
Database closed.
Database dismounted.
ORACLE instance shut down.
ORACLE instance started.
Total System Global Area 2516582400 bytes
Fixed Size		    8795904 bytes
Variable Size		  671090944 bytes
Database Buffers	 1828716544 bytes
Redo Buffers		    7979008 bytes
Database mounted.
[2026-02-27T17:21:18] Verifying ARCHIVELOG mode...
LOG_MODE=ARCHIVELOG
OPEN_MODE=READ WRITE
[2026-02-27T17:21:19] ✅ ACTION-01 VERIFIED: Database is in ARCHIVELOG mode.
[2026-02-27T17:21:19] 
[2026-02-27T17:21:19] ========================================
[2026-02-27T17:21:19] ACTION-02: Enable Force Logging
[2026-02-27T17:21:19] ========================================
ALTER DATABASE FORCE LOGGING
*
ERROR at line 1:
ORA-12920: database is already in force logging mode


FORCE_LOGGING=YES
FORCE_LOGGING=YES
[2026-02-27T17:21:20] ✅ ACTION-02 VERIFIED: Force logging is enabled.
[2026-02-27T17:21:20] 
[2026-02-27T17:21:20] ========================================
[2026-02-27T17:21:20] ACTION-03: Enable Supplemental Logging
[2026-02-27T17:21:20] ========================================
SUPPLEMENTAL_MIN=YES
SUPPLEMENTAL_ALL=YES
SUPPLEMENTAL_MIN=YES	  SUPPLEMENTAL_ALL=YES
[2026-02-27T17:21:21] ✅ ACTION-03 VERIFIED: Supplemental logging is enabled.
[2026-02-27T17:21:21] 
[2026-02-27T17:21:21] ========================================
[2026-02-27T17:21:21] ACTION-09: Configure RMAN on source
[2026-02-27T17:21:21] ========================================
ALTER SYSTEM SET db_recovery_file_dest='/u01/app/oracle/fast_recovery_area' SCOPE=BOTH
*
ERROR at line 1:
ORA-02097: parameter cannot be modified because specified value is invalid
ORA-19802: cannot use DB_RECOVERY_FILE_DEST without DB_RECOVERY_FILE_DEST_SIZE



Recovery Manager: Release 12.2.0.1.0 - Production on Fri Feb 27 22:21:22 2026

Copyright (c) 1982, 2017, Oracle and/or its affiliates.  All rights reserved.

connected to target database: ORADB1 (DBID=2571197414)

RMAN> 
using target database control file instead of recovery catalog
new RMAN configuration parameters:
CONFIGURE CONTROLFILE AUTOBACKUP ON;
new RMAN configuration parameters are successfully stored

RMAN> 
new RMAN configuration parameters:
CONFIGURE CONTROLFILE AUTOBACKUP FORMAT FOR DEVICE TYPE DISK TO "/u01/app/oracle/fast_recovery_area/%F";
new RMAN configuration parameters are successfully stored

RMAN> 
new RMAN configuration parameters:
CONFIGURE DEFAULT DEVICE TYPE TO DISK;
new RMAN configuration parameters are successfully stored

RMAN> 
new RMAN configuration parameters:
CONFIGURE BACKUP OPTIMIZATION ON;
new RMAN configuration parameters are successfully stored

RMAN> 
new RMAN configuration parameters:
CONFIGURE RETENTION POLICY TO REDUNDANCY 1;
new RMAN configuration parameters are successfully stored

RMAN> 
RMAN configuration parameters for database with db_unique_name ORADB1 are:
CONFIGURE RETENTION POLICY TO REDUNDANCY 1;
CONFIGURE BACKUP OPTIMIZATION ON;
CONFIGURE DEFAULT DEVICE TYPE TO DISK;
CONFIGURE CONTROLFILE AUTOBACKUP ON;
CONFIGURE CONTROLFILE AUTOBACKUP FORMAT FOR DEVICE TYPE DISK TO "/u01/app/oracle/fast_recovery_area/%F";
CONFIGURE DEVICE TYPE DISK PARALLELISM 1 BACKUP TYPE TO BACKUPSET; # default
CONFIGURE DATAFILE BACKUP COPIES FOR DEVICE TYPE DISK TO 1; # default
CONFIGURE ARCHIVELOG BACKUP COPIES FOR DEVICE TYPE DISK TO 1; # default
CONFIGURE MAXSETSIZE TO UNLIMITED; # default
CONFIGURE ENCRYPTION FOR DATABASE OFF; # default
CONFIGURE ENCRYPTION ALGORITHM 'AES128'; # default
CONFIGURE COMPRESSION ALGORITHM 'BASIC' AS OF RELEASE 'DEFAULT' OPTIMIZE FOR LOAD TRUE ; # default
CONFIGURE RMAN OUTPUT TO KEEP FOR 7 DAYS; # default
CONFIGURE ARCHIVELOG DELETION POLICY TO NONE; # default
CONFIGURE SNAPSHOT CONTROLFILE NAME TO '/u01/app/oracle/product/12.2.0/dbhome_1/dbs/snapcf_oradb.f'; # default

RMAN> 

Recovery Manager complete.
[2026-02-27T17:21:26] ✅ ACTION-09 COMPLETE: RMAN configured with FRA at /u01/app/oracle/fast_recovery_area.
[2026-02-27T17:21:26] 
[2026-02-27T17:21:26] ========================================
[2026-02-27T17:21:26] FINAL STATUS: Source database configuration summary
[2026-02-27T17:21:26] ========================================

PROPERTY_NAME			    VALUE
----------------------------------- -------------------------
LOG_MODE			    ARCHIVELOG
FORCE_LOGGING			    YES
SUPPLEMENTAL_LOG_MIN		    YES
SUPPLEMENTAL_LOG_ALL		    YES
OPEN_MODE			    READ WRITE
DB_NAME 			    ORADB1
[2026-02-27T17:21:26] 
[2026-02-27T17:21:26] fix_source_ORADB.sh completed. Log saved to: ./../Logs/fix_source_ORADB_20260227_172032.log
[2026-02-27T17:21:26] 
[2026-02-27T17:21:26] Next steps:
[2026-02-27T17:21:26]   1. Run fix_target_ORADB.sh  — configure TDE master key on target
[2026-02-27T17:21:26]   2. Run fix_zdm_server_ORADB.sh — discover OSS namespace, create bucket, init cred store
[2026-02-27T17:21:26]   3. Update Issue-Resolution-Log-ORADB.md with results
