================================================================
  ZDM SOURCE DATABASE DISCOVERY REPORT
================================================================
  Project    : ORADB Migration to Oracle Database@Azure
  Source Host: proddb01.corp.example.com
  Run Host   : tm-oracle-iaas
  Run User   : azureuser
  Oracle User: oracle
  Timestamp  : Fri Feb 27 17:07:17 UTC 2026
  ORACLE_HOME: /u01/app/oracle/product/12.2.0/dbhome_1
  ORACLE_SID : oradb
================================================================


[0;36m[1m================================================================[0m
[0;36m[1m  OS INFORMATION[0m
[0;36m[1m================================================================[0m

--- Hostname & IP ---
tm-oracle-iaas.s15cwnltpnyuher1lvdjg5qxtd.zx.internal.cloudapp.net
127.0.0.1/8
10.1.0.11/24

--- OS Version ---
Oracle Linux Server release 7.4

--- Kernel ---
4.1.12-124.14.1.el7uek.x86_64

--- CPU ---
model name	: Intel(R) Xeon(R) Platinum 8370C CPU @ 2.80GHz
CPU Count: 2

--- Memory ---
              total        used        free      shared  buff/cache   available
Mem:           7.8G        649M         78M        2.5G        7.1G        4.6G
Swap:          2.0G         27M        2.0G

--- Disk Space ---
Filesystem      Size  Used Avail Use% Mounted on
devtmpfs        3.9G     0  3.9G   0% /dev
tmpfs           3.9G     0  3.9G   0% /dev/shm
tmpfs           3.9G  257M  3.7G   7% /run
tmpfs           3.9G     0  3.9G   0% /sys/fs/cgroup
/dev/sda2        30G   20G  8.7G  70% /
/dev/sda1       497M  117M  381M  24% /boot
/dev/sdb1        16G  2.1G   13G  14% /mnt/resource
tmpfs           799M     0  799M   0% /run/user/54322

[0;36m[1m================================================================[0m
[0;36m[1m  ORACLE ENVIRONMENT[0m
[0;36m[1m================================================================[0m

ORACLE_HOME : /u01/app/oracle/product/12.2.0/dbhome_1
ORACLE_SID  : oradb
ORACLE_BASE : NOT SET
TNS_ADMIN   : NOT SET

--- Oracle Version ---

SQL*Plus: Release 12.2.0.1.0 Production


--- oratab ---
# /etc/oratab
oradb:/u01/app/oracle/product/12.2.0/dbhome_1:N

--- Running Oracle Processes ---
oracle    7045     1  0 Feb23 ?        00:00:14 ora_pmon_oradb
oracle    7084     1  0 Feb23 ?        00:00:12 ora_lgwr_oradb
oracle    7086     1  0 Feb23 ?        00:01:22 ora_ckpt_oradb
oracle    7090     1  0 Feb23 ?        00:00:04 ora_smon_oradb

[0;36m[1m================================================================[0m
[0;36m[1m  DATABASE CONFIGURATION[0m
[0;36m[1m================================================================[0m


'DB_NAME:'||NAME
--------------------------
DB_NAME        : ORADB1

'DB_UNIQUE_NAME:'||DB_UNIQUE_NAME
-----------------------------------------------
DB_UNIQUE_NAME : oradb1

'DBID:'||DBID
---------------------------------------------------------
DBID	       : 2571197414

'DB_ROLE:'||DATABASE_ROLE
---------------------------------
DB_ROLE        : PRIMARY

'OPEN_MODE:'||OPEN_MODE
-------------------------------------
OPEN_MODE      : READ WRITE

'LOG_MODE:'||LOG_MODE
-----------------------------
LOG_MODE       : NOARCHIVELOG

'FORCE_LOGGING:'||FORCE_LOGGING
--------------------------------------------------------
FORCE_LOGGING  : NO

'PLATFORM_NAME:'||PLATFORM_NAME
----------------------------------------------------------------------------------------------------------------------
PLATFORM_NAME  : Linux x86 64-bit

'CREATED:'||TO_CHAR(CREATED,'YYYY-MM
------------------------------------
CREATED        : 2026-02-23 21:31:18

'RESETLOGS_TIME:'||TO_CHAR(RESETLOGS
------------------------------------
RESETLOGS_TIME : 2026-02-23 21:31:21

'PROTECTION_MODE:'||PROTECTION_MODE
-------------------------------------
PROTECTION_MODE: MAXIMUM PERFORMANCE

--- CHARACTER SET -- SELECT parameter, value FROM nls_database_parameters
SP2-0734: unknown command beginning "WHERE para..." - rest of line ignored.
SP2-0734: unknown command beginning "ORDER BY p..." - rest of line ignored.

--- DATABASE SIZE -- SELECT 'Data Files (GB) : '||ROUND(SUM(bytes)/1024/1024/1024,2) FROM dba_data_files

'TEMPFILES(GB):'||ROUND(SUM(BYTES)/1024/1024/1024,2)
----------------------------------------------------------
Temp Files (GB) : .03

'REDOLOGS(GB):'||ROUND(SUM(BYTES)/1024/1024/1024,2)
----------------------------------------------------------
Redo Logs (GB)	: .59

'TOTALDB(GB):'||ROUND((SELECTSUM(BYTES)FROMDBA_DATA_FILES)
----------------------------------------------------------
Total DB (GB)	: 2074083328

[0;36m[1m================================================================[0m
[0;36m[1m  CONTAINER DATABASE STATUS[0m
[0;36m[1m================================================================[0m


'CDB:'||C
---------
CDB : YES

'CON_ID:'||CON_ID||'NAME:'||NAME||'OPEN_MODE:'||OPEN_MODE
--------------------------------------------------------------------------------------------------------------------------------------------------------------------------------------------------------
CON_ID : 2  NAME : PDB$SEED  OPEN_MODE : READ ONLY
CON_ID : 3  NAME : PDB1  OPEN_MODE : READ WRITE

[0;36m[1m================================================================[0m
[0;36m[1m  TDE CONFIGURATION[0m
[0;36m[1m================================================================[0m

--- Wallet Status -- SELECT * FROM v$encryption_wallet

--- Encrypted Tablespaces -- SELECT tablespace_name, encrypted FROM dba_tablespaces WHERE encrypted='YES'

--- TDE Master Key Info -- SELECT con_id, key_id, creator, creation_time, activating_dbname
SP2-0734: unknown command beginning "FROM v$enc..." - rest of line ignored.

--- Wallet Files ---

[0;36m[1m================================================================[0m
[0;36m[1m  SUPPLEMENTAL LOGGING[0m
[0;36m[1m================================================================[0m


LOG_MODE     MIN_SUPL PK_ UI_ FK_ ALL
------------ -------- --- --- --- ---
NOARCHIVELOG NO       NO  NO  NO  NO

[0;36m[1m================================================================[0m
[0;36m[1m  REDO AND ARCHIVE CONFIGURATION[0m
[0;36m[1m================================================================[0m

--- Redo Log Groups -- SELECT l.group#, l.members, l.bytes/1024/1024 AS size_mb,
SP2-0223: No lines in SQL buffer.
SP2-0734: unknown command beginning "FROM v$log..." - rest of line ignored.

--- Redo Log Members -- SELECT lf.group#, lf.member, lf.status FROM v$logfile lf ORDER BY lf.group#, lf.member

--- Archive Log Destinations -- SELECT dest_id, dest_name, status, target, archiver, schedule,
SP2-0734: unknown command beginning "destinatio..." - rest of line ignored.
SP2-0734: unknown command beginning "FROM v$arc..." - rest of line ignored.

--- Recent Archive Logs -- SELECT name, ROUND(blocks*block_size/1024/1024,1) AS size_mb,
SP2-0734: unknown command beginning "TO_CHAR(fi..." - rest of line ignored.
SP2-0734: unknown command beginning "TO_CHAR(ne..." - rest of line ignored.
SP2-0734: unknown command beginning "FROM v$arc..." - rest of line ignored.
SP2-0734: unknown command beginning "WHERE stan..." - rest of line ignored.
SP2-0044: For a list of known commands enter HELP
and to leave enter EXIT.
SP2-0734: unknown command beginning "ORDER BY s..." - rest of line ignored.

[0;36m[1m================================================================[0m
[0;36m[1m  NETWORK CONFIGURATION[0m
[0;36m[1m================================================================[0m

--- Listener Status ---

LSNRCTL for Linux: Version 12.2.0.1.0 - Production on 27-FEB-2026 17:07:17

Copyright (c) 1991, 2016, Oracle.  All rights reserved.

Connecting to (ADDRESS=(PROTOCOL=tcp)(HOST=)(PORT=1521))
STATUS of the LISTENER
------------------------
Alias                     LISTENER
Version                   TNSLSNR for Linux: Version 12.2.0.1.0 - Production
Start Date                23-FEB-2026 21:54:03
Uptime                    3 days 19 hr. 13 min. 14 sec
Trace Level               off
Security                  ON: Local OS Authentication
SNMP                      OFF
Listener Log File         /u01/app/oracle/diag/tnslsnr/tm-oracle-iaas/listener/alert/log.xml
Listening Endpoints Summary...
  (DESCRIPTION=(ADDRESS=(PROTOCOL=tcp)(HOST=tm-oracle-iaas.s15cwnltpnyuher1lvdjg5qxtd.zx.internal.cloudapp.net)(PORT=1521)))
Services Summary...
Service "4b85b38ae4551c7fe0630b00010aad3c" has 1 instance(s).
  Instance "oradb", status READY, has 1 handler(s) for this service...
Service "oradb1" has 1 instance(s).
  Instance "oradb", status READY, has 1 handler(s) for this service...
Service "oradbXDB" has 1 instance(s).
  Instance "oradb", status READY, has 1 handler(s) for this service...
Service "pdb1" has 1 instance(s).
  Instance "oradb", status READY, has 1 handler(s) for this service...
The command completed successfully

--- tnsnames.ora ---
File: /u01/app/oracle/product/12.2.0/dbhome_1/network/admin/tnsnames.ora



oradb =
	 (DESCRIPTION =
	   (ADDRESS_LIST =
	     (ADDRESS = (PROTOCOL = TCP)
	                (HOST = 10.1.0.11)
	                (PORT = 1521))
	   )
	   (CONNECT_DATA =
	     (SERVICE_NAME = oradb)
	     (UR = A)
	   )
 )



--- sqlnet.ora ---

--- listener.ora ---

[0;36m[1m================================================================[0m
[0;36m[1m  AUTHENTICATION[0m
[0;36m[1m================================================================[0m

--- Password File ---
-rw-r-----. 1 oracle oinstall 3584 Feb 23 21:35 /u01/app/oracle/product/12.2.0/dbhome_1/dbs/orapworadb

--- SSH Directory (oracle user) ---
No .ssh directory

[0;36m[1m================================================================[0m
[0;36m[1m  DATA GUARD CONFIGURATION[0m
[0;36m[1m================================================================[0m


NAME
--------------------------------------------------------------------------------
VALUE
--------------------------------------------------------------------------------------------------------------------------------------------------------------------------------------------------------
db_file_name_convert


db_unique_name
oradb1

fal_client


fal_server


log_archive_config


log_archive_dest_1


log_archive_dest_2


log_archive_dest_state_1
enable

log_archive_dest_state_2
enable

log_file_name_convert


standby_file_management
MANUAL


[0;36m[1m================================================================[0m
[0;36m[1m  SCHEMA INFORMATION[0m
[0;36m[1m================================================================[0m

--- Schema Sizes (non-system, > 100MB) -- SELECT owner,
SP2-0734: unknown command beginning "ROUND(SUM(..." - rest of line ignored.
SP2-0734: unknown command beginning "COUNT(*)  ..." - rest of line ignored.
SP2-0734: unknown command beginning "FROM dba_s..." - rest of line ignored.
SP2-0734: unknown command beginning "WHERE owne..." - rest of line ignored.
SP2-0044: For a list of known commands enter HELP
and to leave enter EXIT.
SP2-0734: unknown command beginning "'SYS','SYS..." - rest of line ignored.
SP2-0734: unknown command beginning "'CTXSYS','..." - rest of line ignored.
SP2-0734: unknown command beginning "'MDSYS','O..." - rest of line ignored.
SP2-0734: unknown command beginning "'FLOWS_FIL..." - rest of line ignored.
SP2-0044: For a list of known commands enter HELP
and to leave enter EXIT.
SP2-0734: unknown command beginning "'DVSYS','L..." - rest of line ignored.
SP2-0042: unknown command ")" - rest of line ignored.
SP2-0734: unknown command beginning "GROUP BY o..." - rest of line ignored.
SP2-0734: unknown command beginning "HAVING SUM..." - rest of line ignored.
SP2-0044: For a list of known commands enter HELP
and to leave enter EXIT.
SP2-0734: unknown command beginning "ORDER BY s..." - rest of line ignored.

--- Invalid Objects by Owner and Type -- SELECT owner, object_type, COUNT(*) AS cnt
SP2-0734: unknown command beginning "FROM dba_o..." - rest of line ignored.
SP2-0734: unknown command beginning "GROUP BY o..." - rest of line ignored.

--- Object Count by Type (all schemas) -- SELECT object_type, COUNT(*) FROM dba_objects
SP2-0734: unknown command beginning "WHERE owne..." - rest of line ignored.
SP2-0734: unknown command beginning "GROUP BY o..." - rest of line ignored.

[0;36m[1m================================================================[0m
[0;36m[1m  TABLESPACE INFORMATION[0m
[0;36m[1m================================================================[0m

--- Tablespace Usage -- SELECT t.tablespace_name,
SP2-0042: unknown command "t.status," - rest of line ignored.
SP2-0734: unknown command beginning "t.contents..." - rest of line ignored.
SP2-0734: unknown command beginning "ROUND(NVL(..." - rest of line ignored.
SP2-0734: unknown command beginning "ROUND(d.to..." - rest of line ignored.
SP2-0044: For a list of known commands enter HELP
and to leave enter EXIT.
SP2-0734: unknown command beginning "ROUND((1 -..." - rest of line ignored.
SP2-0734: unknown command beginning "FROM dba_t..." - rest of line ignored.
SP2-0734: unknown command beginning "JOIN (SELE..." - rest of line ignored.
SP2-0734: unknown command beginning "ON t.table..." - rest of line ignored.
SP2-0044: For a list of known commands enter HELP
and to leave enter EXIT.
SP2-0734: unknown command beginning "LEFT JOIN ..." - rest of line ignored.
SP2-0734: unknown command beginning "ON t.table..." - rest of line ignored.
SP2-0734: unknown command beginning "ORDER BY p..." - rest of line ignored.

[0;36m[1m================================================================[0m
[0;36m[1m  TABLESPACE AUTOEXTEND SETTINGS[0m
[0;36m[1m================================================================[0m


TABLESPACE_NAME
------------------------------
FILE_NAME
--------------------------------------------------------------------------------------------------------------------------------------------------------------------------------------------------------
CURRENT_GB AUT	   MAX_GB INCREMENT_MB
---------- --- ---------- ------------
SYSAUX
/u01/app/oracle/oradata/oradb1/sysaux01.dbf
       .81 YES	       32	    10

SYSTEM
/u01/app/oracle/oradata/oradb1/system01.dbf
	.8 YES	       32	    10

UNDOTBS1
/u01/app/oracle/oradata/oradb1/undotbs01.dbf
       .28 YES	       32	     5

USERS
/u01/app/oracle/oradata/oradb1/users01.dbf
	 0 YES	       32	     1


--- Temp File Autoextend -- SELECT tablespace_name,
SP2-0042: unknown command "file_name," - rest of line ignored.
SP2-0734: unknown command beginning "ROUND(byte..." - rest of line ignored.
SP2-0734: unknown command beginning "autoextens..." - rest of line ignored.
SP2-0734: unknown command beginning "ROUND(maxb..." - rest of line ignored.
SP2-0044: For a list of known commands enter HELP
and to leave enter EXIT.
SP2-0734: unknown command beginning "FROM dba_t..." - rest of line ignored.
SP2-0734: unknown command beginning "ORDER BY t..." - rest of line ignored.

[0;36m[1m================================================================[0m
[0;36m[1m  BACKUP SCHEDULE AND RETENTION[0m
[0;36m[1m================================================================[0m

--- RMAN Configuration -- SELECT name, value FROM v$rman_configuration ORDER BY conf#

--- Recent RMAN Jobs (last 7 days) -- SELECT TO_CHAR(start_time,'YYYY-MM-DD HH24:MI') AS start_time,
SP2-0734: unknown command beginning "TO_CHAR(en..." - rest of line ignored.
SP2-0042: unknown command "status," - rest of line ignored.
SP2-0734: unknown command beginning "ROUND(inpu..." - rest of line ignored.
SP2-0734: unknown command beginning "ROUND(outp..." - rest of line ignored.
SP2-0734: unknown command beginning "FROM v$rma..." - rest of line ignored.
SP2-0044: For a list of known commands enter HELP
and to leave enter EXIT.
SP2-0734: unknown command beginning "WHERE star..." - rest of line ignored.
SP2-0734: unknown command beginning "ORDER BY s..." - rest of line ignored.

--- Backup Sets Summary -- SELECT backup_type,
SP2-0734: unknown command beginning "incrementa..." - rest of line ignored.
SP2-0042: unknown command "status," - rest of line ignored.
SP2-0734: unknown command beginning "COUNT(*)  ..." - rest of line ignored.
SP2-0734: unknown command beginning "ROUND(SUM(..." - rest of line ignored.
SP2-0044: For a list of known commands enter HELP
and to leave enter EXIT.
SP2-0734: unknown command beginning "FROM v$bac..." - rest of line ignored.
SP2-0734: unknown command beginning "WHERE star..." - rest of line ignored.
SP2-0734: unknown command beginning "GROUP BY b..." - rest of line ignored.
SP2-0734: unknown command beginning "ORDER BY b..." - rest of line ignored.
SP2-0044: For a list of known commands enter HELP
and to leave enter EXIT.

--- RMAN registered catalogs / targets ---

--- Cron backup jobs ---
No cron backup jobs for current user
No cron backup jobs for oracle user

[0;36m[1m================================================================[0m
[0;36m[1m  DATABASE LINKS[0m
[0;36m[1m================================================================[0m


OWNER
--------------------------------------------------------------------------------------------------------------------------------
DB_LINK
--------------------------------------------------------------------------------------------------------------------------------
USERNAME
--------------------------------------------------------------------------------------------------------------------------------
HOST
--------------------------------------------------------------------------------------------------------------------------------------------------------------------------------------------------------
CREATED
----------
SYS
SYS_HUB

SEEDDATA
2017-01-26


[0;36m[1m================================================================[0m
[0;36m[1m  MATERIALIZED VIEWS AND REFRESH SCHEDULES[0m
[0;36m[1m================================================================[0m

--- Materialized Views -- SELECT owner, mview_name, refresh_method, refresh_mode,
SP2-0734: unknown command beginning "last_refre..." - rest of line ignored.
SP2-0734: unknown command beginning "TO_CHAR(la..." - rest of line ignored.
SP2-0042: unknown command "staleness" - rest of line ignored.
SP2-0734: unknown command beginning "FROM dba_m..." - rest of line ignored.
SP2-0044: For a list of known commands enter HELP
and to leave enter EXIT.
SP2-0734: unknown command beginning "WHERE owne..." - rest of line ignored.
SP2-0734: unknown command beginning "ORDER BY o..." - rest of line ignored.

--- MView Refresh Groups -- SELECT rg.rname, rg.job, rg.broken, rg.interval,
SP2-0734: unknown command beginning "TO_CHAR(rg..." - rest of line ignored.
SP2-0734: unknown command beginning "FROM dba_r..." - rest of line ignored.
SP2-0734: unknown command beginning "ORDER BY r..." - rest of line ignored.

--- MView Logs -- SELECT log_owner, master, log_table, log_trigger,
SP2-0734: unknown command beginning "rowids, pr..." - rest of line ignored.
SP2-0734: unknown command beginning "FROM dba_m..." - rest of line ignored.
SP2-0734: unknown command beginning "ORDER BY l..." - rest of line ignored.

[0;36m[1m================================================================[0m
[0;36m[1m  SCHEDULER JOBS[0m
[0;36m[1m================================================================[0m

--- DBMS Scheduler Jobs (non-system) -- SELECT owner, job_name, job_type, job_action,
SP2-0734: unknown command beginning "schedule_t..." - rest of line ignored.
SP2-0734: unknown command beginning "TO_CHAR(st..." - rest of line ignored.
SP2-0734: unknown command beginning "repeat_int..." - rest of line ignored.
SP2-0734: unknown command beginning "TO_CHAR(la..." - rest of line ignored.
SP2-0044: For a list of known commands enter HELP
and to leave enter EXIT.
SP2-0734: unknown command beginning "TO_CHAR(ne..." - rest of line ignored.
SP2-0734: unknown command beginning "state, ena..." - rest of line ignored.
SP2-0734: unknown command beginning "FROM dba_s..." - rest of line ignored.
SP2-0734: unknown command beginning "WHERE owne..." - rest of line ignored.
SP2-0044: For a list of known commands enter HELP
and to leave enter EXIT.
SP2-0734: unknown command beginning "'WMSYS','D..." - rest of line ignored.
SP2-0734: unknown command beginning "ORDER BY o..." - rest of line ignored.

--- Scheduler Programs (non-system) -- SELECT owner, program_name, program_type, enabled
SP2-0734: unknown command beginning "FROM dba_s..." - rest of line ignored.
SP2-0734: unknown command beginning "WHERE owne..." - rest of line ignored.
SP2-0734: unknown command beginning "ORDER BY o..." - rest of line ignored.

--- Scheduler Chains (non-system) -- SELECT owner, chain_name, rule_set_name, enabled
SP2-0734: unknown command beginning "FROM dba_s..." - rest of line ignored.
SP2-0734: unknown command beginning "WHERE owne..." - rest of line ignored.
SP2-0734: unknown command beginning "ORDER BY o..." - rest of line ignored.

--- DBMS_JOB entries -- SELECT job, what, interval,
SP2-0734: unknown command beginning "TO_CHAR(la..." - rest of line ignored.
SP2-0734: unknown command beginning "TO_CHAR(ne..." - rest of line ignored.
SP2-0042: unknown command "broken" - rest of line ignored.
SP2-0734: unknown command beginning "FROM dba_j..." - rest of line ignored.
SP2-0044: For a list of known commands enter HELP
and to leave enter EXIT.
SP2-0734: unknown command beginning "WHERE sche..." - rest of line ignored.
SP2-0734: unknown command beginning "ORDER BY j..." - rest of line ignored.

[0;36m[1m================================================================[0m
[0;36m[1m  ZDM-RELEVANT INIT PARAMETERS[0m
[0;36m[1m================================================================[0m


NAME
--------------------------------------------------------------------------------
VALUE
--------------------------------------------------------------------------------------------------------------------------------------------------------------------------------------------------------
DESCRIPTION
--------------------------------------------------------------------------------------------------------------------------------------------------------------------------------------------------------
cluster_database
FALSE
if TRUE startup in cluster database mode

compatible
12.2.0
Database will be completely compatible with this software version

db_block_size
8192
Size of database block in bytes

db_name
oradb1
database name specified in CREATE DATABASE

db_unique_name
oradb1
Database Unique Name

dg_broker_config_file1
/u01/app/oracle/product/12.2.0/dbhome_1/dbs/dr1oradb1.dat
data guard broker configuration file #1

dg_broker_config_file2
/u01/app/oracle/product/12.2.0/dbhome_1/dbs/dr2oradb1.dat
data guard broker configuration file #2

dg_broker_start
FALSE
start Data Guard broker (DMON process)

enable_goldengate_replication
FALSE
goldengate replication enabled

enable_pluggable_database
TRUE
Enable Pluggable Database

log_archive_config

log archive config

log_archive_dest_1

archival destination #1 text string

log_archive_dest_2

archival destination #2 text string

memory_max_target
0
Max size for Memory Target

memory_target
0
Target size of Oracle SGA and PGA memory

open_cursors
300
max # cursors per session

parallel_max_servers
80
maximum parallel query servers per instance

pga_aggregate_target
836763648
Target size for the aggregate PGA memory consumed by the instance

processes
300
user processes

session_cached_cursors
50
Number of cursors to cache in a session.

sessions
472
user and system sessions

sga_max_size
2516582400
max total SGA size

sga_target
2516582400
Target size of SGA

undo_tablespace
UNDOTBS1
use/switch undo tablespace


[0;36m[1m================================================================[0m
[0;36m[1m  DISCOVERY COMPLETE[0m
[0;36m[1m================================================================[0m

  Output file : ./zdm_source_discovery_tm-oracle-iaas_20260227_170716.txt
  JSON file   : ./zdm_source_discovery_tm-oracle-iaas_20260227_170716.json
  Completed   : Fri Feb 27 17:07:19 UTC 2026
  Section errors: 0 (non-critical; some checks may have failed)

  SUCCESS: All sections completed without errors.
EXIT_CODE:0
