Warning: Permanently added '10.1.0.8' (ED25519) to the list of known hosts.
[0;32m[INFO][0m Starting ZDM Server Discovery on tm-vm-odaa-oracle-jumpbox
[0;32m[INFO][0m Timestamp: 20260202_175706
[0;32m[INFO][0m Running as user: azureuser
[0;32m[INFO][0m ZDM user for CLI commands: zdmuser
[0;32m[INFO][0m Source host for connectivity: 10.1.0.10
[0;32m[INFO][0m Target host for connectivity: 10.0.1.160
[0;32m[INFO][0m Auto-detecting ZDM environment...
[0;32m[INFO][0m Detected ZDM_HOME from zdmuser user: /u01/app/zdmhome
[0;32m[INFO][0m Detected JAVA_HOME from ZDM bundled JDK: /u01/app/zdmhome/jdk
===============================================================================
ZDM Server Discovery Report
Project: PRODDB Migration to Oracle Database@Azure
ZDM Server: zdm-jumpbox.corp.example.com
Generated: Mon Feb  2 05:57:06 PM EST 2026
Hostname: tm-vm-odaa-oracle-jumpbox
===============================================================================

[0;36m=== OS Information ===[0m
Hostname: tm-vm-odaa-oracle-jumpbox
FQDN: tm-vm-odaa-oracle-jumpbox.s15cwnltpnyuher1lvdjg5qxtd.zx.internal.cloudapp.net
Current User: azureuser

IP Addresses:
  127.0.0.1/8
  10.1.0.8/24

Operating System:
NAME="Oracle Linux Server"
VERSION="9.5"

Kernel: 5.15.0-307.178.5.el9uek.x86_64

[0;36m=== ZDM Installation ===[0m
ZDM_HOME: /u01/app/zdmhome
ZDM_USER: zdmuser

ZDM Installation Verification:
  zdmcli: EXISTS at /u01/app/zdmhome/bin/zdmcli
  zdmcli: EXECUTABLE

ZDM Response File Templates:
-rwxr-xr-x. 1 zdmuser zdm 133186 Jul 24  2025 /u01/app/zdmhome/rhp/zdm/template/zdm_logical_template.rsp
-rwxr-xr-x. 1 zdmuser zdm  28750 Mar 21  2025 /u01/app/zdmhome/rhp/zdm/template/zdm_template.rsp
-rwxr-xr-x. 1 zdmuser zdm  29119 Jun 20  2024 /u01/app/zdmhome/rhp/zdm/template/zdm_xtts_template.rsp

ZDM CLI Usage (verification that zdmcli is functional):
Usage: zdmcli <command> <object> [<options>]
    commands: migrate
    objects: database

For detailed help on each command and object and its options use:
  zdmcli <command> <object> -help

[0;36m=== ZDM Service Status ===[0m
ZDM Service Status:

---------------------------------------
	Service Status
---------------------------------------

 Running: 	true
 Tranferport: 	
 Conn String: 	jdbc:mysql://localhost:8899/
 RMI port: 	8897
 HTTP port: 	8898
 Wallet path: 	/u01/app/zdmbase/crsdata/tm-vm-odaa-oracle-jumpbox/security


Active Migration Jobs:
PRCG-1068 : Non-numeric value all specified for command-line option jobid

[0;36m=== Java Configuration ===[0m
JAVA_HOME: /u01/app/zdmhome/jdk

Java Version:
java version "1.8.0_451"
Java(TM) SE Runtime Environment (build 1.8.0_451-b10)
Java HotSpot(TM) 64-Bit Server VM (build 25.451-b10, mixed mode)

[0;36m=== OCI CLI Configuration ===[0m
OCI CLI Version:
3.73.1

OCI Configuration:
OCI config file not found at ~/.oci/config

API Key File Existence:
  ~/.oci/oci_api_key.pem: NOT FOUND

OCI Connectivity Test:
ERROR: Could not find config file at /home/azureuser/.oci/config
Do you want to create a new config file? [Y/n]: OCI connectivity: FAILED

[0;36m=== SSH Configuration ===[0m
SSH Directory Contents (current user: azureuser):
total 16
drwx------.  2 azureuser azureuser   71 Dec 18 18:00 .
drwx------. 10 azureuser azureuser 4096 Feb  2 17:57 ..
-rw-------.  1 azureuser azureuser  572 Dec 18 11:48 authorized_keys
-rw-------.  1 azureuser azureuser  736 Dec 18 18:00 known_hosts
-rw-r--r--.  1 azureuser azureuser  172 Dec 18 18:00 known_hosts.old

SSH Directory Contents (zdmuser):
SSH directory not found for zdmuser

[0;36m=== Credential Files Search ===[0m
Searching for potential credential/password files...
(This helps identify files that may need to be secured or migrated)

Files containing 'password' or 'credential' in name:
/home/zdmuser/iaas_to_odaa.rsp
/home/zdmuser/odaa_to_odaa.rsp

Note: Review these files before migration to ensure credentials are properly secured.

[0;36m=== Network Configuration ===[0m
IP Addresses:
  127.0.0.1/8
  10.1.0.8/24

Routing Table:
default via 10.1.0.1 dev eth0 proto dhcp src 10.1.0.8 metric 100 
10.1.0.0/24 dev eth0 proto kernel scope link src 10.1.0.8 metric 100 
168.63.129.16 via 10.1.0.1 dev eth0 proto dhcp src 10.1.0.8 metric 100 
169.254.169.254 via 10.1.0.1 dev eth0 proto dhcp src 10.1.0.8 metric 100 

DNS Configuration:
# Generated by NetworkManager
search s15cwnltpnyuher1lvdjg5qxtd.zx.internal.cloudapp.net
nameserver 168.63.129.16

[0;36m=== ZDM Logs ===[0m
Log Directory: /u01/app/zdmhome/log

Recent Log Files:

Log Directory Size:
0	/u01/app/zdmhome/log

[0;36m=== Disk Space for ZDM Operations ===[0m
Disk Usage:
Filesystem                  Size  Used Avail Use% Mounted on
/dev/mapper/rootvg-rootlv    39G   15G   24G  39% /
/dev/sda2                   736M  388M  349M  53% /boot
/dev/mapper/rootvg-crashlv   10G  104M  9.9G   2% /var/crash
/dev/sda5                    99M  6.3M   93M   7% /boot/efi
/dev/sdb1                    16G   28K   15G   1% /mnt

ZDM Working Directory Space:
ZDM_HOME partition: /dev/mapper/rootvg-rootlv  39903232 15434196  24469036  39% /
zdmuser home partition: /dev/mapper/rootvg-rootlv  39903232 15434196  24469036  39% /

Disk Space Assessment (minimum 50GB recommended for ZDM):
  Root partition: 24GB available - WARNING: Below recommended 50GB

[0;36m=== Network Connectivity Tests ===[0m
Source Database Connectivity (10.1.0.10):

  Ping test:
    Status: SUCCESS (avg latency: 0.999ms)

  Port connectivity:
    Port 22: OPEN
    Port 1521: BLOCKED or unreachable

Target Database Connectivity (10.0.1.160):

  Ping test:
    Status: FAILED (host unreachable or ICMP blocked)

  Port connectivity:
    Port 22: OPEN
    Port 1521: OPEN

===============================================================================
End of Discovery Report
===============================================================================
[0;32m[INFO][0m JSON summary written to: ./zdm_server_discovery_tm-vm-odaa-oracle-jumpbox_20260202_175706.json
[0;32m[INFO][0m Discovery complete!
[0;32m[INFO][0m Text report: ./zdm_server_discovery_tm-vm-odaa-oracle-jumpbox_20260202_175706.txt
[0;32m[INFO][0m JSON summary: ./zdm_server_discovery_tm-vm-odaa-oracle-jumpbox_20260202_175706.json
