[0;32m=============================================================================[0m
[0;32m  ZDM Server Discovery Script[0m
[0;32m  Project: PRODDB Migration to Oracle Database@Azure[0m
[0;32m  Host: tm-vm-odaa-oracle-jumpbox[0m
[0;32m  Timestamp: Fri Jan 30 11:21:28 AM EST 2026[0m
[0;32m=============================================================================[0m

[0;34m=================================================================================[0m
[0;34m  OS INFORMATION[0m
[0;34m=================================================================================[0m

[0;32m[OK][0m OS information collected

[0;34m=================================================================================[0m
[0;34m  ZDM INSTALLATION[0m
[0;34m=================================================================================[0m

[0;32m[OK][0m ZDM installation information collected

[0;34m=================================================================================[0m
[0;34m  JAVA CONFIGURATION[0m
[0;34m=================================================================================[0m

[0;32m[OK][0m Java configuration collected

[0;34m=================================================================================[0m
[0;34m  OCI CLI CONFIGURATION[0m
[0;34m=================================================================================[0m

[0;32m[OK][0m OCI CLI configuration collected

[0;34m=================================================================================[0m
[0;34m  SSH CONFIGURATION[0m
[0;34m=================================================================================[0m

[0;32m[OK][0m SSH configuration collected

[0;34m=================================================================================[0m
[0;34m  CREDENTIAL FILES[0m
[0;34m=================================================================================[0m

[0;32m[OK][0m Credential files information collected

[0;34m=================================================================================[0m
[0;34m  NETWORK CONFIGURATION[0m
[0;34m=================================================================================[0m

[0;32m[OK][0m Network configuration collected

[0;34m=================================================================================[0m
[0;34m  ZDM LOGS[0m
[0;34m=================================================================================[0m

[0;32m[OK][0m ZDM logs information collected

[0;34m=================================================================================[0m
[0;34m  DISK SPACE FOR ZDM OPERATIONS[0m
[0;34m=================================================================================[0m

[0;32m[OK][0m Disk space information collected

[0;34m=================================================================================[0m
[0;34m  NETWORK LATENCY TESTS[0m
[0;34m=================================================================================[0m

[0;32m[OK][0m Network latency tests completed

[0;34m=================================================================================[0m
[0;34m  GENERATING JSON SUMMARY[0m
[0;34m=================================================================================[0m

[0;32m[OK][0m JSON summary generated: ./zdm_server_discovery_tm-vm-odaa-oracle-jumpbox_20260130_112128.json

[0;32m=============================================================================[0m
[0;32m  Discovery Complete[0m
[0;32m=============================================================================[0m
Text Report: [0;34m./zdm_server_discovery_tm-vm-odaa-oracle-jumpbox_20260130_112128.txt[0m
JSON Summary: [0;34m./zdm_server_discovery_tm-vm-odaa-oracle-jumpbox_20260130_112128.json[0m
